<?xml version="1.0" encoding="UTF-8"?>
<!-- Generated by org.testng.reporters.JUnitReportReporter -->
<testsuite skipped="0" hostname="HIBAIL55565" name="com.qa.crmpro.testcases.loginPageTest" tests="3" failures="0" timestamp="19 Jul 2019 07:08:21 GMT" time="80.907" errors="0">
  <testcase name="loginToCRMPROApplicationTest" time="28.588" classname="com.qa.crmpro.testcases.loginPageTest"/>
  <testcase name="validateCRMPROLogoTest" time="25.959" classname="com.qa.crmpro.testcases.loginPageTest"/>
  <testcase name="validateCRMPROWebPageTitleTest" time="26.360" classname="com.qa.crmpro.testcases.loginPageTest"/>
</testsuite> <!-- com.qa.crmpro.testcases.loginPageTest -->
