<?xml version="1.0" encoding="UTF-8"?>
<!-- Generated by org.testng.reporters.JUnitReportReporter -->
<testsuite skipped="0" hostname="HIBAIL55565" name="com.qa.crmpro.testcases.contactsPageTest" tests="3" failures="0" timestamp="18 Jul 2019 09:46:04 GMT" time="91.507" errors="0">
  <testcase name="validateContactsPageHeaderNameDisplayed" time="29.764" classname="com.qa.crmpro.testcases.contactsPageTest"/>
  <testcase name="getContactsPageTitle" time="29.339" classname="com.qa.crmpro.testcases.contactsPageTest"/>
  <testcase name="selectContactsTest" time="32.404" classname="com.qa.crmpro.testcases.contactsPageTest"/>
</testsuite> <!-- com.qa.crmpro.testcases.contactsPageTest -->
