<?xml version="1.0" encoding="UTF-8"?>
<!-- Generated by org.testng.reporters.JUnitReportReporter -->
<testsuite skipped="1" hostname="HIBAIL55565" name="com.qa.crmpro.testcases.newContactPageTest" tests="1" failures="0" timestamp="18 Jul 2019 11:02:53 GMT" time="0.000" errors="0">
  <testcase name="validateCreateNewContact" time="0.000" classname="com.qa.crmpro.testcases.newContactPageTest">
    <skipped/>
  </testcase> <!-- validateCreateNewContact -->
</testsuite> <!-- com.qa.crmpro.testcases.newContactPageTest -->
