<?xml version="1.0" encoding="UTF-8"?>
<!-- Generated by org.testng.reporters.JUnitReportReporter -->
<testsuite skipped="0" hostname="HIBAIL55565" name="com.qa.crmpro.testcases.loginPageTest" tests="3" failures="0" timestamp="18 Jul 2019 19:39:47 GMT" time="70.708" errors="0">
  <testcase name="loginToCRMPROApplicationTest" time="26.562" classname="com.qa.crmpro.testcases.loginPageTest"/>
  <testcase name="validateCRMPROLogoTest" time="19.512" classname="com.qa.crmpro.testcases.loginPageTest"/>
  <testcase name="validateCRMPROWebPageTitleTest" time="24.634" classname="com.qa.crmpro.testcases.loginPageTest"/>
</testsuite> <!-- com.qa.crmpro.testcases.loginPageTest -->
