<?xml version="1.0" encoding="UTF-8"?>
<!-- Generated by org.testng.reporters.JUnitReportReporter -->
<testsuite skipped="0" hostname="HIBAIL55565" name="com.qa.crmpro.testcases.contactsPageTest" tests="3" failures="0" timestamp="18 Jul 2019 19:39:47 GMT" time="129.974" errors="0">
  <testcase name="getContactsPageTitle" time="30.022" classname="com.qa.crmpro.testcases.contactsPageTest"/>
  <testcase name="validateContactsPageHeaderNameDisplayed" time="47.170" classname="com.qa.crmpro.testcases.contactsPageTest"/>
  <testcase name="selectContactsTest" time="52.782" classname="com.qa.crmpro.testcases.contactsPageTest"/>
</testsuite> <!-- com.qa.crmpro.testcases.contactsPageTest -->
